# Log file generated by C:\Users\ciaf\Documents\GitHub\VirtualBox-OSE\configure.vbs
# No arguments given
# Reconstructed command line: cscript configure.vbs
# Wscript properties:
#   ScriptName: configure.vbs
#   Version:    5.812
#   Build:      16384
#   Name:       Windows Script Host
#   Full Name:  C:\WINDOWS\System32\WScript.exe
#   Path:       C:\WINDOWS\System32
#
# Environment:
#   =::=::\
#   ALLUSERSPROFILE=C:\ProgramData
#   APPDATA=C:\Users\ciaf\AppData\Roaming
#   CommonProgramFiles=C:\Program Files\Common Files
#   CommonProgramFiles(x86)=C:\Program Files (x86)\Common Files
#   CommonProgramW6432=C:\Program Files\Common Files
#   COMPUTERNAME=DESKTOP-1Q2ER89
#   ComSpec=C:\WINDOWS\system32\cmd.exe
#   DriverData=C:\Windows\System32\Drivers\DriverData
#   FPS_BROWSER_APP_PROFILE_STRING=Internet Explorer
#   FPS_BROWSER_USER_PROFILE_STRING=Default
#   HOMEDRIVE=C:
#   HOMEPATH=\Users\ciaf
#   LOCALAPPDATA=C:\Users\ciaf\AppData\Local
#   LOGONSERVER=\\DESKTOP-1Q2ER89
#   NUMBER_OF_PROCESSORS=4
#   OneDrive=C:\Users\ciaf\OneDrive
#   OneDriveConsumer=C:\Users\ciaf\OneDrive
#   OS=Windows_NT
#   Path=C:\WINDOWS\system32;C:\WINDOWS;C:\WINDOWS\System32\Wbem;C:\WINDOWS\System32\WindowsPowerShell\v1.0\;C:\WINDOWS\System32\OpenSSH\;C:\Program Files (x86)\Gpg4win\..\GnuPG\bin;C:\Users\ciaf\AppData\Local\Microsoft\WindowsApps;
#   PATHEXT=.COM;.EXE;.BAT;.CMD;.VBS;.VBE;.JS;.JSE;.WSF;.WSH;.MSC
#   PROCESSOR_ARCHITECTURE=AMD64
#   PROCESSOR_IDENTIFIER=Intel64 Family 6 Model 69 Stepping 1, GenuineIntel
#   PROCESSOR_LEVEL=6
#   PROCESSOR_REVISION=4501
#   ProgramData=C:\ProgramData
#   ProgramFiles=C:\Program Files
#   ProgramFiles(x86)=C:\Program Files (x86)
#   ProgramW6432=C:\Program Files
#   PSModulePath=C:\Program Files\WindowsPowerShell\Modules;C:\WINDOWS\system32\WindowsPowerShell\v1.0\Modules
#   PUBLIC=C:\Users\Public
#   SESSIONNAME=Console
#   SystemDrive=C:
#   SystemRoot=C:\WINDOWS
#   TEMP=C:\Users\ciaf\AppData\Local\Temp
#   TMP=C:\Users\ciaf\AppData\Local\Temp
#   USERDOMAIN=DESKTOP-1Q2ER89
#   USERDOMAIN_ROAMINGPROFILE=DESKTOP-1Q2ER89
#   USERNAME=ciaf
#   USERPROFILE=C:\Users\ciaf
#   windir=C:\WINDOWS
#
